<?xml version="1.0" encoding="utf-8"?><testsuites name="pytest tests"><testsuite name="pytest" errors="0" failures="0" skipped="0" tests="81" time="165.408" timestamp="2026-05-20T08:19:46.079100+00:00" hostname="agent-env-e3c2588b-de06-4d28-bdb1-9a4d48463e06"><testcase classname="backend.tests.backend_test" name="test_root" time="0.231" /><testcase classname="backend.tests.backend_test" name="test_site_settings_defaults" time="0.180" /><testcase classname="backend.tests.backend_test" name="test_portfolio_list_public" time="0.158" /><testcase classname="backend.tests.backend_test" name="test_create_job_no_auth_invalid_referral_nulled" time="3.939" /><testcase classname="backend.tests.backend_test" name="test_referral_invalid" time="0.153" /><testcase classname="backend.tests.backend_test" name="test_auth_session_bad_id" time="0.330" /><testcase classname="backend.tests.backend_test" name="test_auth_session_missing_id" time="0.219" /><testcase classname="backend.tests.backend_test" name="test_auth_required_401[/auth/me]" time="0.157" /><testcase classname="backend.tests.backend_test" name="test_auth_required_401[/workers/me]" time="0.141" /><testcase classname="backend.tests.backend_test" name="test_auth_required_401[/marketers/me]" time="0.151" /><testcase classname="backend.tests.backend_test" name="test_auth_required_401[/w9/me]" time="0.128" /><testcase classname="backend.tests.backend_test" name="test_auth_required_401[/jobs/me]" time="0.140" /><testcase classname="backend.tests.backend_test" name="test_auth_required_401[/payouts/me]" time="0.176" /><testcase classname="backend.tests.backend_test" name="test_auth_required_401[/earnings/summary]" time="0.138" /><testcase classname="backend.tests.backend_test" name="test_admin_only_forbidden[GET-/jobs-None]" time="0.143" /><testcase classname="backend.tests.backend_test" name="test_admin_only_forbidden[GET-/workers-None]" time="0.144" /><testcase classname="backend.tests.backend_test" name="test_admin_only_forbidden[GET-/marketers-None]" time="0.165" /><testcase classname="backend.tests.backend_test" name="test_admin_only_forbidden[GET-/admin/stats-None]" time="0.148" /><testcase classname="backend.tests.backend_test" name="test_admin_only_forbidden[POST-/payouts-body4]" time="0.139" /><testcase classname="backend.tests.backend_test" name="test_admin_only_forbidden[POST-/portfolio-body5]" time="0.144" /><testcase classname="backend.tests.backend_test" name="test_admin_only_forbidden[PUT-/site/settings-body6]" time="0.144" /><testcase classname="backend.tests.backend_test" name="test_auth_me_ok" time="0.153" /><testcase classname="backend.tests.backend_test" name="test_worker_signup_and_me" time="0.309" /><testcase classname="backend.tests.backend_test" name="test_marketer_signup_and_referral" time="4.973" /><testcase classname="backend.tests.backend_test" name="test_w9_sign" time="0.346" /><testcase classname="backend.tests.backend_test" name="test_admin_stats" time="0.164" /><testcase classname="backend.tests.backend_test" name="test_admin_list_jobs" time="0.147" /><testcase classname="backend.tests.backend_test" name="test_admin_assign_and_status" time="4.875" /><testcase classname="backend.tests.backend_test" name="test_payout_and_earnings" time="0.480" /><testcase classname="backend.tests.backend_test" name="test_site_settings_update" time="0.284" /><testcase classname="backend.tests.backend_test" name="test_portfolio_crud" time="0.596" /><testcase classname="backend.tests.backend_test" name="test_upload_and_serve" time="0.674" /><testcase classname="backend.tests.test_iteration2.TestAuthRegister" name="test_register_creates_user_and_session" time="1.443" /><testcase classname="backend.tests.test_iteration2.TestAuthRegister" name="test_register_duplicate_409" time="2.463" /><testcase classname="backend.tests.test_iteration2.TestAuthRegister" name="test_register_short_password_400" time="0.146" /><testcase classname="backend.tests.test_iteration2.TestAuthRegister" name="test_register_invalid_email_400" time="0.144" /><testcase classname="backend.tests.test_iteration2.TestAuthRegister" name="test_register_founder_email_auto_admin" time="2.973" /><testcase classname="backend.tests.test_iteration2.TestAuthRegister" name="test_register_founder2_email_auto_admin" time="3.244" /><testcase classname="backend.tests.test_iteration2.TestAuthLogin" name="test_login_success" time="3.302" /><testcase classname="backend.tests.test_iteration2.TestAuthLogin" name="test_login_bad_password_401" time="0.515" /><testcase classname="backend.tests.test_iteration2.TestAuthLogin" name="test_login_unknown_email_401" time="0.167" /><testcase classname="backend.tests.test_iteration2.TestAuthLogin" name="test_login_founder_repromotes_to_admin" time="2.861" /><testcase classname="backend.tests.test_iteration2.TestForgotResetPassword" name="test_forgot_password_nonexistent_returns_ok" time="1.868" /><testcase classname="backend.tests.test_iteration2.TestForgotResetPassword" name="test_forgot_password_existing_creates_token" time="3.108" /><testcase classname="backend.tests.test_iteration2.TestForgotResetPassword" name="test_reset_password_missing_token_400" time="0.160" /><testcase classname="backend.tests.test_iteration2.TestForgotResetPassword" name="test_reset_password_short_400" time="0.172" /><testcase classname="backend.tests.test_iteration2.TestForgotResetPassword" name="test_reset_password_invalid_token_400" time="0.158" /><testcase classname="backend.tests.test_iteration2.TestForgotResetPassword" name="test_reset_password_valid_token_works_then_used" time="3.317" /><testcase classname="backend.tests.test_iteration2.TestForgotResetPassword" name="test_reset_password_expired_token_400" time="0.150" /><testcase classname="backend.tests.test_iteration2.TestUpdateMe" name="test_update_profile_fields" time="2.819" /><testcase classname="backend.tests.test_iteration2.TestUpdateMe" name="test_update_password_short_rejected" time="0.144" /><testcase classname="backend.tests.test_iteration2.TestUpdateMe" name="test_update_password_valid_changes_login" time="1.022" /><testcase classname="backend.tests.test_iteration2.TestUpdateMe" name="test_update_me_unauthorized" time="0.143" /><testcase classname="backend.tests.test_iteration2.TestAdminUsersAndFounderRBAC" name="test_admin_users_list_includes_users" time="7.780" /><testcase classname="backend.tests.test_iteration2.TestAdminUsersAndFounderRBAC" name="test_admin_users_requires_admin" time="0.145" /><testcase classname="backend.tests.test_iteration2.TestAdminUsersAndFounderRBAC" name="test_founder_can_change_role" time="0.161" /><testcase classname="backend.tests.test_iteration2.TestAdminUsersAndFounderRBAC" name="test_nonfounder_admin_cannot_change_role" time="0.142" /><testcase classname="backend.tests.test_iteration2.TestAdminUsersAndFounderRBAC" name="test_founder_cannot_demote_other_founder" time="3.019" /><testcase classname="backend.tests.test_iteration2.TestAdminUsersAndFounderRBAC" name="test_invalid_role_rejected" time="0.142" /><testcase classname="backend.tests.test_iteration2.TestAdminUsersAndFounderRBAC" name="test_role_change_nonexistent_user_404" time="0.146" /><testcase classname="backend.tests.test_iteration2.TestSiteSettingsAndMinimumCharge" name="test_defaults_include_minimum_and_outlet" time="0.142" /><testcase classname="backend.tests.test_iteration2.TestSiteSettingsAndMinimumCharge" name="test_outlet_job_priced_at_25" time="4.611" /><testcase classname="backend.tests.test_iteration2.TestSiteSettingsAndMinimumCharge" name="test_quoted_below_minimum_forced_up" time="5.809" /><testcase classname="backend.tests.test_iteration2.TestSiteSettingsAndMinimumCharge" name="test_quoted_above_minimum_respected" time="5.749" /><testcase classname="backend.tests.test_iteration2.TestHybridAuth" name="test_password_session_works_on_authed_route" time="2.214" /><testcase classname="backend.tests.test_iteration2" name="test_jobs_unauth_still_works" time="4.061" /><testcase classname="backend.tests.test_iteration3.TestPublicTrackJob" name="test_track_returns_safe_subset_no_auth" time="5.127" /><testcase classname="backend.tests.test_iteration3.TestPublicTrackJob" name="test_track_invalid_404" time="0.221" /><testcase classname="backend.tests.test_iteration3.TestPublicTrackJob" name="test_track_includes_worker_name_after_assignment" time="6.731" /><testcase classname="backend.tests.test_iteration3.TestPublicTrackJob" name="test_track_includes_photo_paths_when_present" time="4.256" /><testcase classname="backend.tests.test_iteration3.TestAutoPayoutOnComplete" name="test_complete_with_marketer_creates_3_payouts" time="13.124" /><testcase classname="backend.tests.test_iteration3.TestAutoPayoutOnComplete" name="test_complete_without_marketer_creates_2_payouts" time="5.923" /><testcase classname="backend.tests.test_iteration3.TestAutoPayoutOnComplete" name="test_re_complete_does_not_duplicate_payouts" time="4.991" /><testcase classname="backend.tests.test_iteration3.TestAutoPayoutOnComplete" name="test_auto_payout_false_skips_creation" time="4.944" /><testcase classname="backend.tests.test_iteration3.TestAutoPayoutOnComplete" name="test_status_transition_to_in_progress_no_payouts" time="5.427" /><testcase classname="backend.tests.test_iteration3.TestAutoPayoutOnComplete" name="test_invalid_status_400" time="6.130" /><testcase classname="backend.tests.test_iteration3.TestAutoPayoutOnComplete" name="test_status_update_unknown_job_404" time="0.148" /><testcase classname="backend.tests.test_iteration3.TestAutoPayoutOnComplete" name="test_status_update_requires_admin" time="4.567" /><testcase classname="backend.tests.test_iteration3.TestStripeOnboardGraceful" name="test_stripe_onboard_returns_502_when_connect_not_enabled" time="8.450" /><testcase classname="backend.tests.test_iteration3.TestSMTPGraceful" name="test_forgot_password_does_not_crash_with_real_smtp" time="5.336" /><testcase classname="backend.tests.test_iteration3.TestSMTPGraceful" name="test_create_job_does_not_crash_when_smtp_called" time="4.800" /></testsuite></testsuites>