<?xml version="1.0" encoding="utf-8"?><testsuites name="pytest tests"><testsuite name="pytest" errors="0" failures="0" skipped="0" tests="16" time="46.554" timestamp="2026-06-12T16:48:40.228784+00:00" hostname="agent-env-e3c2588b-de06-4d28-bdb1-9a4d48463e06"><testcase classname="backend.tests.test_quote_flow.TestCreateJob" name="test_create_job_no_auto_price" time="2.655" /><testcase classname="backend.tests.test_quote_flow.TestCreateJob" name="test_create_job_does_not_crash_on_smtp_fail" time="3.170" /><testcase classname="backend.tests.test_quote_flow.TestTrackJob" name="test_track_returns_null_for_pending" time="4.027" /><testcase classname="backend.tests.test_quote_flow.TestTrackJob" name="test_track_404_unknown_job" time="1.346" /><testcase classname="backend.tests.test_quote_flow.TestQuoteAuthRequired" name="test_save_quote_requires_auth" time="2.936" /><testcase classname="backend.tests.test_quote_flow.TestQuoteAuthRequired" name="test_preview_requires_auth" time="4.433" /><testcase classname="backend.tests.test_quote_flow.TestQuoteAuthRequired" name="test_send_quote_requires_auth" time="2.931" /><testcase classname="backend.tests.test_quote_flow.TestSaveQuote" name="test_save_quote_sets_draft" time="3.502" /><testcase classname="backend.tests.test_quote_flow.TestSaveQuote" name="test_save_quote_invalid_amount" time="2.844" /><testcase classname="backend.tests.test_quote_flow.TestSaveQuote" name="test_save_quote_negative_rejected" time="3.006" /><testcase classname="backend.tests.test_quote_flow.TestSaveQuote" name="test_save_quote_404" time="0.276" /><testcase classname="backend.tests.test_quote_flow.TestQuotePreview" name="test_preview_returns_template" time="3.083" /><testcase classname="backend.tests.test_quote_flow.TestQuotePreview" name="test_preview_invalid_amount" time="3.636" /><testcase classname="backend.tests.test_quote_flow.TestSendQuote" name="test_send_quote_full_flow" time="5.015" /><testcase classname="backend.tests.test_quote_flow.TestSendQuote" name="test_send_quote_invalid_amount" time="3.031" /><testcase classname="backend.tests.test_quote_flow.TestSendQuote" name="test_send_quote_404" time="0.195" /></testsuite></testsuites>