<?xml version="1.0" encoding="utf-8"?><testsuites name="pytest tests"><testsuite name="pytest" errors="0" failures="0" skipped="0" tests="32" time="13.451" timestamp="2026-05-19T21:15:40.418553+00:00" hostname="agent-env-e3c2588b-de06-4d28-bdb1-9a4d48463e06"><testcase classname="backend.tests.backend_test" name="test_root" time="0.304" /><testcase classname="backend.tests.backend_test" name="test_site_settings_defaults" time="0.226" /><testcase classname="backend.tests.backend_test" name="test_portfolio_list_public" time="0.207" /><testcase classname="backend.tests.backend_test" name="test_create_job_no_auth_invalid_referral_nulled" time="0.273" /><testcase classname="backend.tests.backend_test" name="test_referral_invalid" time="0.243" /><testcase classname="backend.tests.backend_test" name="test_auth_session_bad_id" time="0.380" /><testcase classname="backend.tests.backend_test" name="test_auth_session_missing_id" time="0.297" /><testcase classname="backend.tests.backend_test" name="test_auth_required_401[/auth/me]" time="0.229" /><testcase classname="backend.tests.backend_test" name="test_auth_required_401[/workers/me]" time="0.247" /><testcase classname="backend.tests.backend_test" name="test_auth_required_401[/marketers/me]" time="0.235" /><testcase classname="backend.tests.backend_test" name="test_auth_required_401[/w9/me]" time="0.190" /><testcase classname="backend.tests.backend_test" name="test_auth_required_401[/jobs/me]" time="0.203" /><testcase classname="backend.tests.backend_test" name="test_auth_required_401[/payouts/me]" time="0.191" /><testcase classname="backend.tests.backend_test" name="test_auth_required_401[/earnings/summary]" time="0.182" /><testcase classname="backend.tests.backend_test" name="test_admin_only_forbidden[GET-/jobs-None]" time="0.305" /><testcase classname="backend.tests.backend_test" name="test_admin_only_forbidden[GET-/workers-None]" time="0.242" /><testcase classname="backend.tests.backend_test" name="test_admin_only_forbidden[GET-/marketers-None]" time="0.223" /><testcase classname="backend.tests.backend_test" name="test_admin_only_forbidden[GET-/admin/stats-None]" time="0.213" /><testcase classname="backend.tests.backend_test" name="test_admin_only_forbidden[POST-/payouts-body4]" time="0.197" /><testcase classname="backend.tests.backend_test" name="test_admin_only_forbidden[POST-/portfolio-body5]" time="0.214" /><testcase classname="backend.tests.backend_test" name="test_admin_only_forbidden[PUT-/site/settings-body6]" time="0.226" /><testcase classname="backend.tests.backend_test" name="test_auth_me_ok" time="0.270" /><testcase classname="backend.tests.backend_test" name="test_worker_signup_and_me" time="0.489" /><testcase classname="backend.tests.backend_test" name="test_marketer_signup_and_referral" time="0.704" /><testcase classname="backend.tests.backend_test" name="test_w9_sign" time="0.595" /><testcase classname="backend.tests.backend_test" name="test_admin_stats" time="0.239" /><testcase classname="backend.tests.backend_test" name="test_admin_list_jobs" time="0.251" /><testcase classname="backend.tests.backend_test" name="test_admin_assign_and_status" time="1.305" /><testcase classname="backend.tests.backend_test" name="test_payout_and_earnings" time="0.704" /><testcase classname="backend.tests.backend_test" name="test_site_settings_update" time="0.439" /><testcase classname="backend.tests.backend_test" name="test_portfolio_crud" time="1.998" /><testcase classname="backend.tests.backend_test" name="test_upload_and_serve" time="0.828" /></testsuite></testsuites>